<?xml version="1.0" encoding="UTF-8"?>
<!-- Generated by org.testng.reporters.JUnitReportReporter -->
<testsuite hostname="MacBookAir.fios-router.home" failures="0" tests="1" name="testRunner.testRunner" time="2.911" errors="0" timestamp="2025-02-06T18:57:47 EST" skipped="0">
  <testcase classname="testRunner.testRunner" name="runScenario" time="2.911"/>
</testsuite> <!-- testRunner.testRunner -->
