<?xml version="1.0" encoding="UTF-8"?>
<!-- Generated by org.testng.reporters.JUnitReportReporter -->
<testsuite hostname="MacBookAir.fios-router.home" failures="2" tests="53" name="testRunner.testRunner" time="13.201" errors="0" timestamp="2025-02-09T20:05:37 EST" skipped="0">
  <testcase classname="testRunner.testRunner" name="runScenario" time="0.214"/>
  <testcase classname="testRunner.testRunner" name="runScenario" time="0.191"/>
  <testcase classname="testRunner.testRunner" name="runScenario" time="0.104"/>
  <testcase classname="testRunner.testRunner" name="runScenario" time="0.206"/>
  <testcase classname="testRunner.testRunner" name="runScenario" time="0.210"/>
  <testcase classname="testRunner.testRunner" name="runScenario" time="0.090"/>
  <testcase classname="testRunner.testRunner" name="runScenario" time="0.197"/>
  <testcase classname="testRunner.testRunner" name="runScenario" time="0.193"/>
  <testcase classname="testRunner.testRunner" name="runScenario" time="0.193"/>
  <testcase classname="testRunner.testRunner" name="runScenario" time="0.206"/>
  <testcase classname="testRunner.testRunner" name="runScenario" time="0.124"/>
  <testcase classname="testRunner.testRunner" name="runScenario" time="0.190"/>
  <testcase classname="testRunner.testRunner" name="runScenario" time="0.184"/>
  <testcase classname="testRunner.testRunner" name="runScenario" time="0.195"/>
  <testcase classname="testRunner.testRunner" name="runScenario" time="0.187"/>
  <testcase classname="testRunner.testRunner" name="runScenario" time="0.107"/>
  <testcase classname="testRunner.testRunner" name="runScenario" time="2.952"/>
  <testcase classname="testRunner.testRunner" name="runScenario" time="0.197"/>
  <testcase classname="testRunner.testRunner" name="runScenario" time="0.195"/>
  <testcase classname="testRunner.testRunner" name="runScenario" time="0.473"/>
  <testcase classname="testRunner.testRunner" name="runScenario" time="0.199"/>
  <testcase classname="testRunner.testRunner" name="runScenario" time="0.207"/>
  <testcase classname="testRunner.testRunner" name="runScenario" time="0.204"/>
  <testcase classname="testRunner.testRunner" name="runScenario" time="0.195"/>
  <testcase classname="testRunner.testRunner" name="runScenario" time="0.181"/>
  <testcase classname="testRunner.testRunner" name="runScenario" time="0.231">
    <failure message="Status code mismatch expected [400] but found [201]" type="java.lang.AssertionError">
      <![CDATA[java.lang.AssertionError: Status code mismatch expected [400] but found [201]
at org.testng.Assert.fail(Assert.java:111)
at org.testng.Assert.failNotEquals(Assert.java:1578)
at org.testng.Assert.assertEqualsImpl(Assert.java:150)
at org.testng.Assert.assertEquals(Assert.java:132)
at org.testng.Assert.assertEquals(Assert.java:1419)
at org.testng.Assert.assertEquals(Assert.java:1383)
at utils.apiHelper.statusCodeValidation(apiHelper.java:192)
at stepDefinitions.createUserStepDefinition.admin_receives_status_with_error_message(createUserStepDefinition.java:264)
at ✽.Admin receives "400" "Bad Request" Status with error message(file:///Users/mathumathibalakrishnan/eclipse/Mathumathi_2024/2025_Team04_RestAssured_BDD/src/test/resources/features/02_createUser.feature:149)
]]>
    </failure>
  </testcase> <!-- runScenario -->
  <testcase classname="testRunner.testRunner" name="runScenario" time="0.206"/>
  <testcase classname="testRunner.testRunner" name="runScenario" time="0.081"/>
  <testcase classname="testRunner.testRunner" name="runScenario" time="0.199"/>
  <testcase classname="testRunner.testRunner" name="runScenario" time="0.193"/>
  <testcase classname="testRunner.testRunner" name="runScenario" time="0.195"/>
  <testcase classname="testRunner.testRunner" name="runScenario" time="0.181"/>
  <testcase classname="testRunner.testRunner" name="runScenario" time="0.192"/>
  <testcase classname="testRunner.testRunner" name="runScenario" time="0.192"/>
  <testcase classname="testRunner.testRunner" name="runScenario" time="0.191"/>
  <testcase classname="testRunner.testRunner" name="runScenario" time="0.206"/>
  <testcase classname="testRunner.testRunner" name="runScenario" time="0.235"/>
  <testcase classname="testRunner.testRunner" name="runScenario" time="0.200"/>
  <testcase classname="testRunner.testRunner" name="runScenario" time="0.195"/>
  <testcase classname="testRunner.testRunner" name="runScenario" time="0.190"/>
  <testcase classname="testRunner.testRunner" name="runScenario" time="0.193"/>
  <testcase classname="testRunner.testRunner" name="runScenario" time="0.212"/>
  <testcase classname="testRunner.testRunner" name="runScenario" time="0.212"/>
  <testcase classname="testRunner.testRunner" name="runScenario" time="0.106"/>
  <testcase classname="testRunner.testRunner" name="runScenario" time="0.342"/>
  <testcase classname="testRunner.testRunner" name="runScenario" time="0.212"/>
  <testcase classname="testRunner.testRunner" name="runScenario" time="0.189"/>
  <testcase classname="testRunner.testRunner" name="runScenario" time="0.197">
    <failure message="Status code mismatch expected [201] but found [500]" type="java.lang.AssertionError">
      <![CDATA[java.lang.AssertionError: Status code mismatch expected [201] but found [500]
at org.testng.Assert.fail(Assert.java:111)
at org.testng.Assert.failNotEquals(Assert.java:1578)
at org.testng.Assert.assertEqualsImpl(Assert.java:150)
at org.testng.Assert.assertEquals(Assert.java:132)
at org.testng.Assert.assertEquals(Assert.java:1419)
at org.testng.Assert.assertEquals(Assert.java:1383)
at utils.apiHelper.statusCodeValidation(apiHelper.java:192)
at stepDefinitions.createUserStepDefinition.admin_receives_status_for_create_user_mandatory(createUserStepDefinition.java:56)
at ✽.Admin receives "201" "Created" Status for create user mandatory(file:///Users/mathumathibalakrishnan/eclipse/Mathumathi_2024/2025_Team04_RestAssured_BDD/src/test/resources/features/02_createUser.feature:14)
]]>
    </failure>
  </testcase> <!-- runScenario -->
  <testcase classname="testRunner.testRunner" name="runScenario" time="0.198"/>
  <testcase classname="testRunner.testRunner" name="runScenario" time="0.195"/>
  <testcase classname="testRunner.testRunner" name="runScenario" time="0.212"/>
  <testcase classname="testRunner.testRunner" name="runScenario" time="0.205"/>
  <testcase classname="testRunner.testRunner" name="runScenario" time="0.247"/>
</testsuite> <!-- testRunner.testRunner -->
