<?xml version="1.0" encoding="UTF-8"?>
<!-- Generated by org.testng.reporters.JUnitReportReporter -->
<testsuite hostname="MacBookAir.fios-router.home" failures="0" tests="7" name="testRunner.testRunner" time="4.529" errors="0" timestamp="2025-02-06T22:16:25 EST" skipped="0">
  <testcase classname="testRunner.testRunner" name="runScenario" time="0.245"/>
  <testcase classname="testRunner.testRunner" name="runScenario" time="0.169"/>
  <testcase classname="testRunner.testRunner" name="runScenario" time="0.180"/>
  <testcase classname="testRunner.testRunner" name="runScenario" time="0.183"/>
  <testcase classname="testRunner.testRunner" name="runScenario" time="0.190"/>
  <testcase classname="testRunner.testRunner" name="runScenario" time="0.604"/>
  <testcase classname="testRunner.testRunner" name="runScenario" time="2.958"/>
</testsuite> <!-- testRunner.testRunner -->
