<?xml version="1.0" encoding="UTF-8"?>
<!-- Generated by org.testng.reporters.JUnitReportReporter -->
<testsuite hostname="MacBookAir.fios-router.home" failures="0" tests="4" name="testRunner.testRunner" time="2.035" errors="0" timestamp="2025-02-08T18:25:33 EST" skipped="0">
  <testcase classname="testRunner.testRunner" name="runScenario" time="1.559"/>
  <testcase classname="testRunner.testRunner" name="runScenario" time="0.189"/>
  <testcase classname="testRunner.testRunner" name="runScenario" time="0.177"/>
  <testcase classname="testRunner.testRunner" name="runScenario" time="0.110"/>
</testsuite> <!-- testRunner.testRunner -->
