<?xml version="1.0" encoding="UTF-8"?>
<!-- Generated by org.testng.reporters.JUnitReportReporter -->
<testsuite hostname="MacBookAir.fios-router.home" failures="0" tests="23" name="testRunner.testRunner" time="7.122" errors="0" timestamp="2025-02-07T19:03:57 EST" skipped="0">
  <testcase classname="testRunner.testRunner" name="runScenario" time="0.178"/>
  <testcase classname="testRunner.testRunner" name="runScenario" time="0.559"/>
  <testcase classname="testRunner.testRunner" name="runScenario" time="0.180"/>
  <testcase classname="testRunner.testRunner" name="runScenario" time="0.202"/>
  <testcase classname="testRunner.testRunner" name="runScenario" time="0.190"/>
  <testcase classname="testRunner.testRunner" name="runScenario" time="0.175"/>
  <testcase classname="testRunner.testRunner" name="runScenario" time="0.206"/>
  <testcase classname="testRunner.testRunner" name="runScenario" time="0.188"/>
  <testcase classname="testRunner.testRunner" name="runScenario" time="0.191"/>
  <testcase classname="testRunner.testRunner" name="runScenario" time="2.818"/>
  <testcase classname="testRunner.testRunner" name="runScenario" time="0.201"/>
  <testcase classname="testRunner.testRunner" name="runScenario" time="0.192"/>
  <testcase classname="testRunner.testRunner" name="runScenario" time="0.202"/>
  <testcase classname="testRunner.testRunner" name="runScenario" time="0.237"/>
  <testcase classname="testRunner.testRunner" name="runScenario" time="0.181"/>
  <testcase classname="testRunner.testRunner" name="runScenario" time="0.111"/>
  <testcase classname="testRunner.testRunner" name="runScenario" time="0.083"/>
  <testcase classname="testRunner.testRunner" name="runScenario" time="0.201"/>
  <testcase classname="testRunner.testRunner" name="runScenario" time="0.283"/>
  <testcase classname="testRunner.testRunner" name="runScenario" time="0.080"/>
  <testcase classname="testRunner.testRunner" name="runScenario" time="0.172"/>
  <testcase classname="testRunner.testRunner" name="runScenario" time="0.103"/>
  <testcase classname="testRunner.testRunner" name="runScenario" time="0.189"/>
</testsuite> <!-- testRunner.testRunner -->
